<?xml version="1.0" encoding="UTF-8"?>
<!-- Generated by org.testng.reporters.JUnitReportReporter -->
<testsuite hostname="LAPTOP-T3IK0MSI" failures="0" tests="2" name="yousuf.SeleniumFrameworkDesign.SubmitOrderHashmap" time="27.308" errors="0" timestamp="2025-02-21T08:58:36 IST" skipped="0">
  <testcase classname="yousuf.SeleniumFrameworkDesign.SubmitOrderHashmap" name="submitOrder" time="14.096"/>
  <testcase classname="yousuf.SeleniumFrameworkDesign.SubmitOrderHashmap" name="submitOrder" time="13.212"/>
</testsuite> <!-- yousuf.SeleniumFrameworkDesign.SubmitOrderHashmap -->
