<?xml version="1.0" encoding="UTF-8"?>
<!-- Generated by org.testng.reporters.JUnitReportReporter -->
<testsuite hostname="LAPTOP-T3IK0MSI" failures="0" tests="2" name="yousuf.SeleniumFrameworkDesign.SubmitOrderHashmap" time="48.544" errors="0" timestamp="2025-02-21T17:46:20 IST" skipped="0">
  <testcase classname="yousuf.SeleniumFrameworkDesign.SubmitOrderHashmap" name="submitOrder" time="20.828"/>
  <testcase classname="yousuf.SeleniumFrameworkDesign.SubmitOrderHashmap" name="submitOrder" time="27.716"/>
</testsuite> <!-- yousuf.SeleniumFrameworkDesign.SubmitOrderHashmap -->
